2025-12-04T11:25:25Z [browserstack_sdk.__init__][INFO] - SDK run started with id: 79fe5021-adb6-434d-841b-547a75a0b55a
2025-12-04T11:25:25Z [browserstack_sdk.__init__][INFO] - Project and debug logs are captured by default. To disable, set disableAutoCaptureLogs: true in config.
2025-12-04T11:25:29Z [browserstack_sdk.__init__][INFO] - Setting up for Browserstack, using framework: robot
==============================================================================
Tests                                                                         
==============================================================================
Tests.DemoblazeTests                                                          
==============================================================================
2025-12-04T11:25:29Z [browserstack_sdk.__init__][INFO] - Completed setup!
1. Sign Up New User                                                   | PASS |
------------------------------------------------------------------------------
2. Verify Category Navigation                                         | PASS |
------------------------------------------------------------------------------
3. Add Product To Cart                                                | PASS |
------------------------------------------------------------------------------
4. Place Order From Cart                                              | FAIL |
Text 'Sony vaio i5' did not appear in 5 seconds.
------------------------------------------------------------------------------
Tests.DemoblazeTests                                                  | FAIL |
Suite teardown failed:
Recursive execution stopped.

4 tests, 0 passed, 4 failed
==============================================================================
Tests                                                                 | FAIL |
4 tests, 0 passed, 4 failed
==============================================================================
Output:  C:\Users\d.orazbak\Downloads\Новая папка (3)\pabot_results\0\output.xml
2025-12-04T11:26:23Z [browserstack_sdk.__init__][INFO] - Handling session close
2025-12-04T11:26:25Z [browserstack_sdk.__init__][INFO] - All done!
